tp4q3
1000
11654385
2019-10-24 16:44:33
 [0] -4998 -4994 -4994 -4994 -4992 -4982 -4982 -4980 -4978 -4960 -4958 -4958
[12] -4956 -4946 -4938 -4934 -4926 -4926 -4924 -4908 -4890 -4886 -4872 -4870
[24] -4868 -4868 -4868 -4862 -4858 -4858 -4856 -4848 -4846 -4844 -4844 -4842
[36] -4830 -4828 -4828 -4826 -4816 -4814 -4808 -4806 -4794 -4788 -4782 -4766
[48] -4766 -4764 -4760 -4760 -4754 -4746 -4744 -4740 -4738 -4738 -4736 -4728
[60] -4726 -4722 -4714 -4710 -4706 -4700 -4694 -4692 -4692 -4688 -4686 -4684
[72] -4682 -4676 -4676 -4670 -4666 -4664 -4662 -4656 -4656 -4650 -4650 -4650
[84] -4650 -4640 -4638 -4638 -4636 -4636 -4632 -4630 -4624 -4612 -4608 -4604
[96] -4596 -4596 -4594 -4592
 [0] -4883 -4873 -4869 -4869 -4869 -4869 -4867 -4867 -4857 -4849 -4847 -4843
[12] -4843 -4841 -4841 -4837 -4835 -4835 -4831 -4829 -4817 -4817 -4811 -4799
[24] -4795 -4793 -4793 -4785 -4773 -4767 -4759 -4757 -4755 -4751 -4751 -4749
[36] -4749 -4745 -4737 -4737 -4735 -4731 -4725 -4719 -4713 -4713 -4707 -4691
[48] -4691 -4691 -4681 -4675 -4675 -4669 -4663 -4661 -4649 -4635 -4629 -4619
[60] -4619 -4611 -4605 -4599 -4597 -4595 -4591 -4587 -4585 -4583 -4581 -4575
[72] -4573 -4563 -4559 -4555 -4553 -4553 -4543 -4539 -4535 -4535 -4535 -4525
[84] -4519 -4515 -4515 -4511 -4499 -4475 -4473 -4473 -4471 -4465 -4463 -4463
[96] -4455 -4437 -4435 -4429
 [0] 4565 4567 4567 4571 4575 4577 4577 4591 4597 4597 4597 4611 4613 4615 4617
[15] 4619 4623 4623 4627 4633 4645 4653 4657 4669 4673 4679 4685 4693 4695 4699
[30] 4701 4701 4703 4713 4719 4725 4731 4741 4741 4755 4755 4757 4769 4769 4771
[45] 4773 4781 4783 4787 4787 4789 4791 4791 4793 4799 4803 4811 4813 4825 4841
[60] 4845 4849 4855 4869 4877 4879 4885 4887 4887 4891 4895 4917 4919 4919 4919
[75] 4921 4921 4923 4927 4929 4933 4933 4933 4935 4949 4951 4955 4959 4969 4971
[90] 4973 4975 4977 4977 4977 4985 4987 4991 4993 4997
[0] 33 33 33 33 33 33 33 33 33 33
[0] 33 33 33 33 33 33 33 33 33 33
