tp4q1
21136
11646511
2019-10-24 14:33:19
21: <<<<<<<<<<<<<<<<<<<<<>>>>>>>>>>>>>>>>>>>>
28: <<<<<<<<<<<<<<<<<<<<<<<<<<<<>>>>>>>>>>>>>
30: <<<<<<<<<<<<<<<<<<<<<<<<<<<<<<>>>>>>>>>>>
33: <<<<<<<<<<<<<<<<<<<<<<<<<<<<<<<<<>>>>>>>>
 1: >>>>>>>>>>>>>>>>>>>>>>>>>>>>>>>>>>>>>>>>>
20: <<<<<<<<<<<<<<<<<<<<>>>>>>>>>>>>>>>>>>>>>
37: <<<<<<<<<<<<<<<<<<<<<<<<<<<<<<<<<<<<<>>>>
24: <<<<<<<<<<<<<<<<<<<<<<<<>>>>>>>>>>>>>>>>>
11: <<<<<<<<<<<>>>>>>>>>>>>>>>>>>>>>>>>>>>>>>
36: <<<<<<<<<<<<<<<<<<<<<<<<<<<<<<<<<<<<>>>>>
10: <<<<<<<<<<>>>>>>>>>>>>>>>>>>>>>>>>>>>>>>>
14: <<<<<<<<<<<<<<>>>>>>>>>>>>>>>>>>>>>>>>>>>
26: <<<<<<<<<<<<<<<<<<<<<<<<<<>>>>>>>>>>>>>>>
17: <<<<<<<<<<<<<<<<<>>>>>>>>>>>>>>>>>>>>>>>>
25: <<<<<<<<<<<<<<<<<<<<<<<<<>>>>>>>>>>>>>>>>
38: <<<<<<<<<<<<<<<<<<<<<<<<<<<<<<<<<<<<<<>>>
16: <<<<<<<<<<<<<<<<>>>>>>>>>>>>>>>>>>>>>>>>>
 5: <<<<<>>>>>>>>>>>>>>>>>>>>>>>>>>>>>>>>>>>>
35: <<<<<<<<<<<<<<<<<<<<<<<<<<<<<<<<<<<>>>>>>
12: <<<<<<<<<<<<>>>>>>>>>>>>>>>>>>>>>>>>>>>>>
34: <<<<<<<<<<<<<<<<<<<<<<<<<<<<<<<<<<>>>>>>>
40: <<<<<<<<<<<<<<<<<<<<<<<<<<<<<<<<<<<<<<<<>
39: <<<<<<<<<<<<<<<<<<<<<<<<<<<<<<<<<<<<<<<>>
23: <<<<<<<<<<<<<<<<<<<<<<<>>>>>>>>>>>>>>>>>>
18: <<<<<<<<<<<<<<<<<<>>>>>>>>>>>>>>>>>>>>>>>
 6: <<<<<<>>>>>>>>>>>>>>>>>>>>>>>>>>>>>>>>>>>
19: <<<<<<<<<<<<<<<<<<<>>>>>>>>>>>>>>>>>>>>>>
15: <<<<<<<<<<<<<<<>>>>>>>>>>>>>>>>>>>>>>>>>>
 3: <<<>>>>>>>>>>>>>>>>>>>>>>>>>>>>>>>>>>>>>>
27: <<<<<<<<<<<<<<<<<<<<<<<<<<<>>>>>>>>>>>>>>
22: <<<<<<<<<<<<<<<<<<<<<<>>>>>>>>>>>>>>>>>>>
 8: <<<<<<<<>>>>>>>>>>>>>>>>>>>>>>>>>>>>>>>>>
31: <<<<<<<<<<<<<<<<<<<<<<<<<<<<<<<>>>>>>>>>>
 4: <<<<>>>>>>>>>>>>>>>>>>>>>>>>>>>>>>>>>>>>>
29: <<<<<<<<<<<<<<<<<<<<<<<<<<<<<>>>>>>>>>>>>
13: <<<<<<<<<<<<<>>>>>>>>>>>>>>>>>>>>>>>>>>>>
41: <<<<<<<<<<<<<<<<<<<<<<<<<<<<<<<<<<<<<<<<<
 7: <<<<<<<>>>>>>>>>>>>>>>>>>>>>>>>>>>>>>>>>>
 1: <>>>>>>>>>>>>>>>>>>>>>>>>>>>>>>>>>>>>>>>>
32: <<<<<<<<<<<<<<<<<<<<<<<<<<<<<<<<>>>>>>>>>
 9: <<<<<<<<<>>>>>>>>>>>>>>>>>>>>>>>>>>>>>>>>
 2: <<>>>>>>>>>>>>>>>>>>>>>>>>>>>>>>>>>>>>>>>
