tp4q2
21136
11647472
2019-10-24 14:49:20
[0] 1
median3 (custom cmp) at 0
[0]  1 26
median3 (custom cmp) at 1
[0]  1 26 39
median3 (custom cmp) at 0
[0]  1 26 39  8
median3 (custom cmp) at 0
[0]  1 26 39  8 12
median3 (custom cmp) at 0
[0]  1 26 39  8 12 18
median3 (custom cmp) at 5
[0]  1 26 39  8 12 18 33
median3 (custom cmp) at 0
[0]  1 26 39  8 12 18 33 14
median3 (custom cmp) at 7
[0]  1 26 39  8 12 18 33 14 19
median3 (custom cmp) at 0
[0]  1 26 39  8 12 18 33 14 19 16
median3 (custom cmp) at 5
 [0]  1 26 39  8 12 18 33 14 19 16  5
median3 (custom cmp) at 0
 [0]  1 26 39  8 12 18 33 14 19 16  5 38
median3 (custom cmp) at 0
 [0]  1 26 39  8 12 18 33 14 19 16  5 38  0
median3 (custom cmp) at 0
