tp3q4
21136
11568057
2019-10-23 16:45:45
                               91
               90                              74
       81              83              73              53
   72     -43      31      77      54      30      30      45
-92  12 -46 -93 -91  19 -47  71  42  50 -51 -20 -47 -32 -94
pop_heap() == 91
pop_heap() == 90
pop_heap() == 83
                               81
               77                              74
       72              71              73              53
   12     -43      31     -47      54      30      30      45
-92 -32 -46 -93 -91  19 -47 -94  42  50 -51 -20
pop_heap() == 81
pop_heap() == 77
pop_heap() == 74
                               73
               72                              54
       12              71              50              53
  -20     -43      31     -47      42      30      30      45
-92 -32 -46 -93 -91  19 -47 -94 -51
pop_heap() == 73
pop_heap() == 72
pop_heap() == 71
               54
       31              53
   12      19      50      45
-20 -43 -51 -47  42  30  30 -47
-92 -32 -46 -93 -91 -94
pop_heap() == 54
pop_heap() == 53
pop_heap() == 50
               45
       31              42
   12      19      30      30
-20 -43 -51 -47 -94 -93 -91 -47
-92 -32 -46
pop_heap() == 45
pop_heap() == 42
pop_heap() == 31
               30
       19              30
   12     -32     -46     -47
-20 -43 -51 -47 -94 -93 -91 -92
pop_heap() == 30
pop_heap() == 30
pop_heap() == 19
               12
      -20             -46
  -43     -32     -92     -47
-91 -93 -51 -47 -94
pop_heap() == 12
pop_heap() == -20
pop_heap() == -32
      -43
  -47     -46
-91 -51 -92 -47
-94 -93
pop_heap() == -43
pop_heap() == -46
pop_heap() == -47
      -47
  -51     -92
-91 -94 -93
pop_heap() == -47
pop_heap() == -51
pop_heap() == -91
  -92
-93 -94
pop_heap() == -92
pop_heap() == -93
pop_heap() == -94
