tp3q5
1000
11583148
2019-10-23 20:57:16
 [0] -99999 -99999 -99992 -99992 -99992 -99992 -99989 -99986 -99983 -99982
[10] -99979 -99975 -99972 -99967 -99966 -99963 -99962 -99959 -99957 -99955
[20] -99947 -99945 -99943 -99939 -99938 -99937 -99936 -99935 -99934 -99930
[30] -99928 -99927 -99923 -99906 -99903 -99902 -99901 -99900 -99898 -99895
[40] -99893 -99892 -99888 -99886 -99884 -99882 -99881 -99881 -99880 -99877
[50] -99875 -99872 -99872 -99872 -99871 -99868 -99864 -99861 -99860 -99859
[60] -99857 -99856 -99855 -99854 -99854 -99853 -99852 -99848 -99847 -99847
[70] -99844 -99843 -99842 -99842 -99842 -99838 -99830 -99829 -99822 -99820
[80] -99819 -99817 -99817 -99812 -99812 -99810 -99806 -99805 -99804 -99801
[90] -99800 -99797 -99796 -99790 -99789 -99784 -99782 -99781 -99780 -99780
 [0] 99783 99786 99786 99786 99789 99789 99795 99799 99802 99803 99805 99806
[12] 99807 99811 99816 99817 99817 99818 99819 99819 99820 99825 99825 99828
[24] 99830 99843 99844 99844 99846 99847 99849 99852 99859 99860 99861 99865
[36] 99873 99873 99874 99875 99875 99878 99880 99881 99883 99883 99888 99890
[48] 99891 99891 99893 99894 99896 99898 99899 99905 99906 99907 99910 99910
[60] 99913 99913 99917 99920 99922 99924 99926 99928 99929 99947 99949 99949
[72] 99952 99952 99955 99958 99961 99962 99963 99964 99970 99971 99974 99976
[84] 99976 99976 99977 99978 99979 99982 99984 99984 99984 99986 99986 99990
[96] 99994 99995 99995 99995
