tp3q6
21136
11574828
2019-10-23 18:38:36
 [0] 99985 99991 99981 99973 99989 99943 99899 99945 99965 99961 99927 99835
[12] 99911 99857 99853 99899 99869 99887 99959 99959 99959 99883 99719 99899
[24] 99801 99823 99843 99805 99845 99807 99573 99775 99877 99829 99801 99673
[36] 99883 99703 99929 99743 99701 99869 99905 99943 99867 99583 99717 99595
[48] 99885 99805 99637 99669 99815 99729 99761 99749 99597 99789 99643 99845
[60] 99601 99749 99543 99431 99673 99425 99715 99865 99769 99745 99177 99729
[72] 99101 99401 99409 99833 99621 99693 99909 99863 99735 99665 99635 99689
[84] 99669 99483 99903 99595 99771 99907 99855 99861 99381 99565 99597 99717
[96] 99549 99387 99289 99203
 [0]  16572 -75906  36268 -94705  30632 -32412   1042  59866 -61393 -91181
[10] -65906 -41088 -45032   2380 -30374 -53702  54706 -68636  95306 -85632
[20]  70128  41852 -70563  16859  35264 -40614 -16942 -34036 -28462 -34380
[30] -65056  14208  23176 -52464 -27098 -74161 -52049 -95689 -61545  92146
[40] -45460  -6080 -16056  -4980  28116  -6080 -33345 -84471 -96469 -45021
[50] -18612  -2096  83076 -63277 -76292  -4652 -57720  88970  72856  59028
[60] -94606  38542 -60582  -3236 -59132 -36134 -40076 -44016 -34498 -72860
[70]   8566  41900 -83302 -87096   9074   5276 -74188 -58300 -31196 -15276
[80]  -4070  10314 -25012 -43982  15968  65154 -89754  38242 -68283 -48051
[90] -98467 -92124 -72162 -54282 -10467  63052 -76270 -18921 -26332  99993
