tp3q4
21136
11571611
2019-10-23 17:44:59
                               94
               88                              87
       60              62              64              32
   12      -3       8      13     -13     -12       7     -30
-46 -33 -51 -33 -37 -48 -33   2 -75 -23 -90 -36 -18   0 -55
pop_heap() == 94
pop_heap() == 88
pop_heap() == 87
                               64
               62                              32
       60              13               0               7
   12      -3       8       2     -13     -12     -18     -30
-46 -33 -51 -33 -37 -48 -33 -55 -75 -23 -90 -36
pop_heap() == 64
pop_heap() == 62
pop_heap() == 60
                               32
               13                               7
       12               8               0             -18
  -33      -3     -37       2     -13     -12     -23     -30
-46 -36 -51 -33 -90 -48 -33 -55 -75
pop_heap() == 32
pop_heap() == 13
pop_heap() == 12
                                8
                2                               7
       -3             -33               0             -18
  -33     -33     -37     -55     -13     -12     -23     -30
-46 -36 -51 -75 -90 -48
pop_heap() == 8
pop_heap() == 7
pop_heap() == 2
                                0
               -3                             -12
      -33             -33             -13             -18
  -36     -33     -37     -55     -75     -48     -23     -30
-46 -90 -51
pop_heap() == 0
pop_heap() == -3
pop_heap() == -12
              -13
      -33             -18
  -33     -33     -48     -23
-36 -51 -37 -55 -75 -90 -46 -30
pop_heap() == -13
pop_heap() == -18
pop_heap() == -23
              -30
      -33             -46
  -33     -33     -48     -90
-36 -51 -37 -55 -75
pop_heap() == -30
pop_heap() == -33
pop_heap() == -33
              -33
      -36             -46
  -51     -37     -48     -90
-75 -55
pop_heap() == -33
pop_heap() == -36
pop_heap() == -37
      -46
  -51     -48
-75 -55 -90
pop_heap() == -46
pop_heap() == -48
pop_heap() == -51
  -55
-75 -90
pop_heap() == -55
pop_heap() == -75
pop_heap() == -90
