tp3q1
21136
11554362
2019-10-23 12:57:30
 [0]  2099244013  2088136841  2048392620  1569144095  2063938846  1892895668
 [6]  1166930866  1566444901  1299565463  1895345985  1879790164  1623553786
[12]  -229538332  1166491341   576941094  1237443437  1167522541  -134063388
[18]  1214366217   -20250832  1653299871   298635548  1490577679  1250171627
[24]  -571001943  -256806025  -304820908   937044050    73033619   488834647
[30]   446103163   320496874   867674119   454167648   515775729  -697510855
[36]  -354466270   924818696   715439097 -1543810223  -145921207  1633116271
[42]     7520144   165372051   225723914  1268876457  1035265296  1168062034
[48]  1171153137 -1444509534 -1458192916 -2042767746 -1580250811 -1870243104
[54] -1979644219 -1217218243 -2018001810    -3817061  -559969597   343816244
[60]  -496492386 -2001938728  -525745665   195420307 -1120013401 -1310019612
[66]  -572138782  -502977705 -1851709751 -1644565885  -614662229  -938312862
[72] -1656086419  -992455311  -695512260 -1897532553  -843707674 -1031567167
[78]  -329994123 -1633513308 -1703343540 -2122056573 -1798650210 -1939639531
[84] -2088217292  -438259126  -221717042  -167439898  -431985769 -1634825974
[90] -1662127667   327471564 -1893674897   980563774  -944026844  -905377788
[96]  -757769689  -606824617   400993253 -1955871950
 [0]  2099244013  2088136841  2048392620  1569144095  2063938846  1892895668
 [6]  1166930866  1566444901  1299565463  1895345985  1879790164  1623553786
[12]  -229538332  1166491341   576941094  1237443437  1167522541  -134063388
[18]  1214366217   -20250832  1653299871   298635548  1490577679  1250171627
[24]  -571001943  -256806025  -304820908   937044050    73033619   488834647
[30]   446103163   320496874   867674119   454167648   515775729  -697510855
[36]  -354466270   924818696   715439097 -1543810223  -145921207  1633116271
[42]     7520144   165372051   225723914  1268876457  1035265296  1168062034
[48]  1171153137 -1444509534 -1458192916 -2042767746 -1580250811 -1870243104
[54] -1979644219 -1217218243 -2018001810    -3817061  -559969597   343816244
[60]  -496492386 -2001938728  -525745665   195420307 -1120013401 -1310019612
[66]  -572138782  -502977705 -1851709751 -1644565885  -614662229  -938312862
[72] -1656086419  -992455311  -695512260 -1897532553  -843707674 -1031567167
[78]  -329994123 -1633513308 -1703343540 -2122056573 -1798650210 -1939639531
[84] -2088217292  -438259126  -221717042  -167439898  -431985769 -1634825974
[90] -1662127667   327471564 -1893674897   980563774  -944026844  -905377788
[96]  -757769689  -606824617   400993253 -1955871950
