tp1q5
1000
11401754
2019-10-21 18:34:02
 [0]     294079     -11258 1665883499    -406167    6065552       -203
 [6]        756     -41687 -110374105      32661      45003     -43861
[12]  455611719    -289462    3157128  -10530021      -1865    -503845
[18]     -99125        -21      -2023          5        117        -15
[24]     675255    -875281        240         14     -62446       3685
[30]        104 -122440846   -1963648          1  657988802          7
[36]      59827    -796483         -5        -83    1806018       -200
[42]    3522123          3         40   -3335428         -8          0
[48]        186       1735      97518       -114         18       -112
[54]   49609026    -126488    5798599       9879     152022    -125046
[60]          1        -14         -1      14643     140324       -356
[66]          7    -199823     109769        -12      17612     293802
[72]     126139          0      31590          8   -1573547         -1
[78]        793       -220    -871441       -387      15752 -952211510
[84]        -27         -8   40338427    2023207  -65511491   -1671707
[90]          4  501537652        -31          1    3209219          0
[96]          2         -3        123 -128807499
2676 comparisons
 [0] -952211510 -122440846   -3335428   -1963648    -289462    -126488
 [6]    -125046     -62446     -11258       -356       -220       -200
[12]       -114       -112        -14        -12         -8         -8
[18]          0          0          0          2          4          8
[24]         14         18         40        104        186        240
[30]        756      15752      17612      31590      97518     140324
[36]     152022     293802    1806018    3157128    6065552   49609026
[42]  501537652  657988802 -128807499 -110374105  -65511491  -10530021
[48]   -1671707   -1573547    -875281    -871441    -796483    -503845
[54]    -406167    -199823     -99125     -43861     -41687      -2023
[60]      -1865       -387       -203        -83        -31        -27
[66]        -21        -15         -5         -3         -1         -1
[72]          1          1          1          3          5          7
[78]          7        117        123        793       1735       3685
[84]       9879      14643      32661      45003      59827     109769
[90]     126139     294079     675255    2023207    3209219    3522123
[96]    5798599   40338427  455611719 1665883499
