tp1q3
1000
11401511
2019-10-21 18:29:59
[0] -71
[0]  -71   -1 3109  943
[0]        -71         -1       3109        943       -386         -1    -905923
[7] -222100252    1196942    8736055
 [0]        -71         -1       3109        943       -386         -1
 [6]    -905923 -222100252    1196942    8736055        361     -22654
[12]         -2         10  954854319        -96      -3100        -13
[18]   -1993739      60730
 [0]        -71         -1       3109        943       -386         -1
 [6]    -905923 -222100252    1196942    8736055        361     -22654
[12]         -2         10  954854319        -96      -3100        -13
[18]   -1993739      60730    -961106    -114285      29476  -91943533
[24]         10      -1020      35089  217595011     -76685   -1465445
[30]         15  125858020      52058       1496         -2          2
[36]         -1   -8247072          1       7548     -24512       -947
[42]       -532       1067 -211186531  -15103010  -90414429     365137
[48]   96630843          0        133         -1     638274         -1
[54]       1015     258359     -13275          1      -7076   10888029
[60]    -890133     -37671  369735102     168803     -21034   -1172693
[66]    2580917  -10540009        -11        928      97294     250745
[72]    6876802    4219330   33199398         -7      94392    -148317
[78]    -686274        -20         12    4344830      -2010          8
[84]      -5614      -3032       -232    -148268        -22        -58
[90]    2829370  307129818     764037     371330          5   -1778983
[96]   -1314119        117         85    4432625
  [0]        -71         -1       3109        943       -386         -1
  [6]    -905923 -222100252    1196942    8736055        361     -22654
 [12]         -2         10  954854319        -96      -3100        -13
 [18]   -1993739      60730    -961106    -114285      29476  -91943533
 [24]         10      -1020      35089  217595011     -76685   -1465445
 [30]         15  125858020      52058       1496         -2          2
 [36]         -1   -8247072          1       7548     -24512       -947
 [42]       -532       1067 -211186531  -15103010  -90414429     365137
 [48]   96630843          0        133         -1     638274         -1
 [54]       1015     258359     -13275          1      -7076   10888029
 [60]    -890133     -37671  369735102     168803     -21034   -1172693
 [66]    2580917  -10540009        -11        928      97294     250745
 [72]    6876802    4219330   33199398         -7      94392    -148317
 [78]    -686274        -20         12    4344830      -2010          8
 [84]      -5614      -3032       -232    -148268        -22        -58
 [90]    2829370  307129818     764037     371330          5   -1778983
 [96]   -1314119        117         85    4432625       -163
 [0] 8 9 9 3 8 7 3 5 0 1 7 3 4 6 2 5 5 4 1 6 4 4 5 7 1 0 9 8 8 5 7 8 4 6 3 8 4 3
[38] 4 2
 [0]  2  9 -9 -8  7 -6  5 -1 -3  9 -9  0  1  4  1 -8  9  8 -1  7 -6  9 -1 -8  5
[25]  8  0 -1  6 -8  6 -4 -1  1  5  3  4 -7
 [0]  91 -87 -60 -57   4 -57  12 -88   2  -5 -94  23  23  60 -40 -64  -9 -49  65
[19] -98  -5  67  -4  36 -64 -10  74   1  46 -52 -86 -48  73  28  89  45
 [0]  727 -625  -60 -659  325 -258  392  279  -84   50  470  503 -567 -208  -56
[15] -133  317 -768  188 -131  794  104 -142  752 -170  145  211 -635 -954 -140
[30]  333  126 -707  779
 [0]  8605  7874  4769 -2858  6364  2083 -6273 -9727  8485 -1227  2261 -9120
[12]  -577 -6326  9757 -1072 -1908 -6966 -9428  4787   355 -6068  7610 -1146
[24]  3853  1168  2816 -8495  3999 -3295 -8425 -7755
 [0] -23028   2100  67268  29459 -49919 -71041  34603 -96000  66687 -57025
[10]    616 -12387  26622  43152  47409  26568 -24449 -70691  19275  51977
[20]  -9511 -50991  -8530 -79903  16140 -78789 -69569  48850 -71418  15197
 [0] -257794  537285 -479224    9858  592864  466529 -972453   44836 -701719
 [9] -638947  863910  507391  600034   95628  676749 -951389  705272 -685261
[18]  669963  309352 -385898 -239097  691455 -651628  101390   96796  552708
[27] -522852
 [0]  9026623  -222701   647525   923126  3072199 -4564115  -528494 -7020172
 [8]   777842 -6674425  7002898  8408818  5960746   405269  9938198  1676055
[16]  3177014  8768350 -2519117  7632001  9048418  8810773  8670863  8301471
[24]   222406 -3259168
 [0] -75848525 -27220788  25330837 -20921386 -42611064  -4352777 -56736925
 [7] -59787916  40797068  62935968 -35995451 -44754809  62708892  87435150
[14]  49719412 -69359241  53180058  14129352  30774608 -20103710 -60187430
[21]  32235144 -92343427  12163888
 [0]  211893487 -793275950  997606135  592737782 -915843591   91353521
 [6]  -50212507 -134678974  955238480 -659337035  971174767  513252455
[12]  388175465  808053532 -698849415  728500210  468526611 -578829680
[18] -516336481  147516049 -431946086 -699101282
 [0]  -403862672 -1160120632  1340493890   834765630   287051618   501035366
 [6]   384453792   435757195  -848633309   942679154  -406079757  1291985673
[12]  1236621036   -16087701   136019696   570238701  -365440500 -1134594167
[18]  -100647228 -1172716812
