tp3q4
21285
11569228
2019-10-23 17:05:16
                               98
               93                              70
       89              82              65              50
   40      83      -8      -4      48      23      15      10
-21 -98 -84  60 -70 -63 -45 -51 -65 -40 -45 -37 -13   3 -82
pop_heap() == 93
pop_heap() == 89
pop_heap() == 83
                               83
               82                              70
       60              -4              65              50
   40       3      -8     -13      48      23      15      10
-21 -98 -84 -82 -70 -63 -45 -51 -65 -40 -45 -37
pop_heap() == 82
pop_heap() == 70
pop_heap() == 65
                               65
               60                              50
       40              -4              48              15
  -21       3      -8     -13     -40      23     -45      10
-37 -98 -84 -82 -70 -63 -45 -51 -65
pop_heap() == 60
pop_heap() == 50
pop_heap() == 48
               48
       40              23
    3      -4     -40      15
-21 -65  -8 -13 -45 -51 -45  10
-37-98-84-82-70-63
pop_heap() == 40
pop_heap() == 23
pop_heap() == 15
               15
        3              10
  -21      -4     -40     -45
-37 -65  -8 -13 -45 -51 -82 -70
-63-98-84
pop_heap() == 10
pop_heap() == 3
pop_heap() == -4
               -4
       -8             -40
  -21     -13     -45     -45
-37 -65 -98 -63 -84 -51 -82 -70
pop_heap() == -8
pop_heap() == -13
pop_heap() == -21
              -21
      -37             -40
  -51     -63     -45     -45
-82 -65 -98 -70 -84
pop_heap() == -37
pop_heap() == -40
pop_heap() == -45
      -45
  -51     -45
-65 -63 -70 -98
-82-84
pop_heap() == -45
pop_heap() == -51
pop_heap() == -63
      -63
  -65     -70
-98 -82 -84
pop_heap() == -65
pop_heap() == -70
pop_heap() == -82
  -82
-98 -84
pop_heap() == -84
pop_heap() == -98
pop_heap() == -98
