tp3q1
21285
11555596
2019-10-23 13:18:04
 [0]  2067440887  2026030926  1949112118  2021036915  1986224576  1941809857
 [6]  1939814579  2001627470  2013402521  1887435149   686741259  1663220210
[12]  1656863737  1911389328  1109862880  1954778875  1615695018  1019168120
[18]  1499327981  1787707855  1863678712   591171028   474885998  1535665471
[24]  1317503048  -660549643   907465775  1146532332   933361568  -806700611
[30] -1737580514    24946136  1766841475  1239405141   -79781362   660552510
[36]   989911715   675998864   963405918   587048627  1244951070   787310848
[42]  1045978030   391105906  -402734646 -1665206829 -1136950482  1251430932
[48]  -465896194   809609769  1105027217 -1221678594 -1745477264 -1246765135
[54]   761224939  -445268747  -297440034 -2051332618   845942125 -1945258511
[60]  -974627371 -1878077677 -2093173396 -1276501586 -1291055893 -1604442780
[66] -1421968013  1150532273 -1409431864 -1108143382 -1656052145 -2039683689
[72]  -744738218 -1023404704   883921632 -2064038430  -770755118 -1454499643
[78]  -758672408 -2128583859 -1411679156  1161300987 -1484170506   456568404
[84] -2125648170 -1682117488   827794123 -2018105412   233156524 -1777436810
[90]  -516006582 -1854721030 -1886857286 -1824132238 -1153961849  -321403615
[96] -2054140107  -659484827 -2065406613  -102283622
 [0]  2067440887  2026030926  1949112118  2021036915  1986224576  1941809857
 [6]  1939814579  2001627470  2013402521  1887435149   686741259  1663220210
[12]  1656863737  1911389328  1109862880  1954778875  1615695018  1019168120
[18]  1499327981  1787707855  1863678712   591171028   474885998  1535665471
[24]  1317503048  -660549643   907465775  1146532332   933361568  -806700611
[30] -1737580514    24946136  1766841475  1239405141   -79781362   660552510
[36]   989911715   675998864   963405918   587048627  1244951070   787310848
[42]  1045978030   391105906  -402734646 -1665206829 -1136950482  1251430932
[48]  -465896194   809609769  1105027217 -1221678594 -1745477264 -1246765135
[54]   761224939  -445268747  -297440034 -2051332618   845942125 -1945258511
[60]  -974627371 -1878077677 -2093173396 -1276501586 -1291055893 -1604442780
[66] -1421968013  1150532273 -1409431864 -1108143382 -1656052145 -2039683689
[72]  -744738218 -1023404704   883921632 -2064038430  -770755118 -1454499643
[78]  -758672408 -2128583859 -1411679156  1161300987 -1484170506   456568404
[84] -2125648170 -1682117488   827794123 -2018105412   233156524 -1777436810
[90]  -516006582 -1854721030 -1886857286 -1824132238 -1153961849  -321403615
[96] -2054140107  -659484827 -2065406613  -102283622
