tp3q1
21136
11573587
2019-10-23 18:17:55
 [0]  2138446563  2119026433  2103317998  2060604979  2055066487  1977250394
 [6]  1779945940  1917419796  1924418903  2034573233  1829754505  1166288619
[12]  1692999347  1077987751  1572733915  1679749566   921552686  1796322498
[18]  1415395377  1543067529   -62192625   968445795  1592036480  1098931448
[24]  1125250198   492308030   616718609   840556440   657859524 -1096110057
[30]    32461773   722879730   865468551   576202527    -4676042   662602581
[36]  1665039059  1272454742  -725824293   858663696  1142450574  -829030568
[42]  -159531584   -20745921   942686586  -826843129  1366519276  -879418323
[48]  -683038532  -171080169 -1802743140  -760148544  -723108799 -1623145280
[54]   478580879 -1428249339 -1079670274   385665560 -2019302287 -1861064292
[60] -1820306952  -199189237 -1608243560  -983979537   -59009096  -724612874
[66] -1399080888 -2139353908 -1688008557 -1523611182  -119651406  -623758552
[72]  -689907108  1540917020  1449511931  -130379805 -2125423457 -1859679402
[78] -1930444828  -971424064 -1635594258  -478495227 -1977816584 -1520209955
[84] -1495782096  -165389524 -1861366676 -1507960745 -1697493762   -58064768
[90]   508810662 -1054569814 -1584965557  1278221570  -135626565 -2147081358
[96] -1901564422 -1566194501  -899347074 -1911052551
 [0]  2138446563  2119026433  2103317998  2060604979  2055066487  1977250394
 [6]  1779945940  1917419796  1924418903  2034573233  1829754505  1166288619
[12]  1692999347  1077987751  1572733915  1679749566   921552686  1796322498
[18]  1415395377  1543067529   -62192625   968445795  1592036480  1098931448
[24]  1125250198   492308030   616718609   840556440   657859524 -1096110057
[30]    32461773   722879730   865468551   576202527    -4676042   662602581
[36]  1665039059  1272454742  -725824293   858663696  1142450574  -829030568
[42]  -159531584   -20745921   942686586  -826843129  1366519276  -879418323
[48]  -683038532  -171080169 -1802743140  -760148544  -723108799 -1623145280
[54]   478580879 -1428249339 -1079670274   385665560 -2019302287 -1861064292
[60] -1820306952  -199189237 -1608243560  -983979537   -59009096  -724612874
[66] -1399080888 -2139353908 -1688008557 -1523611182  -119651406  -623758552
[72]  -689907108  1540917020  1449511931  -130379805 -2125423457 -1859679402
[78] -1930444828  -971424064 -1635594258  -478495227 -1977816584 -1520209955
[84] -1495782096  -165389524 -1861366676 -1507960745 -1697493762   -58064768
[90]   508810662 -1054569814 -1584965557  1278221570  -135626565 -2147081358
[96] -1901564422 -1566194501  -899347074 -1911052551
