tp3q4
21136
11572723
2019-10-23 18:03:31
                               98
               95                              93
       16              73              91             -38
    4     -33      51      50      90      65     -77     -54
-88 -48 -79 -70 -38   0 -53 -47  85 -71 -23  65 -99 -92 -76
pop_heap() == 98
pop_heap() == 95
pop_heap() == 93
                               91
               73                              90
       16              51              85             -38
    4     -33       0      50     -71      65     -77     -54
-88 -48 -79 -70 -38 -76 -53 -47 -92 -99 -23  65
pop_heap() == 91
pop_heap() == 90
pop_heap() == 85
                               73
               51                              65
       16              50              65             -38
    4     -33       0     -47     -71     -23     -77     -54
-88 -48 -79 -70 -38 -76 -53 -99 -92
pop_heap() == 73
pop_heap() == 65
pop_heap() == 65
                               51
               50                             -23
       16               0             -71             -38
    4     -33     -38     -47     -99     -92     -77     -54
-88 -48 -79 -70 -53 -76
pop_heap() == 51
pop_heap() == 50
pop_heap() == 16
                                4
                0                             -23
      -33             -38             -71             -38
  -48     -53     -70     -47     -99     -92     -77     -54
-88 -76 -79
pop_heap() == 4
pop_heap() == 0
pop_heap() == -23
              -33
      -38             -38
  -48     -47     -71     -54
-76 -53 -70 -88 -99 -92 -77 -79
pop_heap() == -33
pop_heap() == -38
pop_heap() == -38
              -47
      -48             -54
  -53     -70     -71     -77
-76 -92 -79 -88 -99
pop_heap() == -47
pop_heap() == -48
pop_heap() == -53
              -54
      -70             -71
  -76     -79     -88     -77
-99 -92
pop_heap() == -54
pop_heap() == -70
pop_heap() == -71
      -76
  -79     -77
-92 -99 -88
pop_heap() == -76
pop_heap() == -77
pop_heap() == -79
  -88
-92 -99
pop_heap() == -88
pop_heap() == -92
pop_heap() == -99
