tp3q6
1000
11583946
2019-10-23 21:10:34
 [0] -99994 -99994 -99988 -99980 -99980 -99970 -99964 -99958 -99954 -99948
[10] -99944 -99936 -99934 -99934 -99930 -99930 -99924 -99922 -99920 -99916
[20] -99904 -99900 -99900 -99892 -99890 -99890 -99890 -99878 -99874 -99874
[30] -99872 -99870 -99868 -99868 -99864 -99860 -99860 -99852 -99846 -99844
[40] -99840 -99836 -99836 -99828 -99824 -99824 -99820 -99812 -99810 -99808
[50] -99806 -99798 -99796 -99792 -99786 -99786 -99784 -99784 -99784 -99782
[60] -99780 -99780 -99776 -99776 -99766 -99758 -99746 -99744 -99744 -99744
[70] -99742 -99740 -99730 -99728 -99718 -99714 -99708 -99706 -99702 -99702
[80] -99698 -99696 -99694 -99690 -99688 -99686 -99682 -99682 -99680 -99680
[90] -99672 -99672 -99668 -99666 -99664 -99656 -99654 -99652 -99644 -99632
 [0] 99635 99637 99641 99647 99649 99651 99655 99659 99663 99667 99669 99669
[12] 99671 99671 99673 99673 99677 99685 99691 99691 99693 99695 99695 99701
[24] 99709 99713 99717 99717 99719 99721 99721 99725 99725 99739 99741 99741
[36] 99745 99765 99769 99773 99779 99783 99783 99785 99785 99789 99799 99801
[48] 99801 99805 99805 99805 99807 99811 99819 99821 99821 99823 99825 99829
[60] 99833 99835 99837 99843 99847 99849 99851 99855 99859 99859 99865 99867
[72] 99871 99873 99877 99883 99889 99899 99901 99901 99907 99911 99911 99937
[84] 99941 99949 99953 99953 99955 99957 99959 99961 99961 99965 99969 99971
[96] 99973 99975 99979 99997
