tp2q3
1000
11482993
2019-10-22 17:08:01
initializing a[96] = { ... }
bs_insert_sort_cmp(a,...) made 498 comparisons
 [0] -1789434238 -1583066680 -1548309914 -1457527074 -1306973610 -1233409292
 [6] -1213804746 -1106727014 -1056067936 -1054860678  -953500328  -711052750
[12]  -693102338  -689591028  -632020436  -514814120  -504591376  -447754988
[18]  -416420926  -379490702  -254668242  -237575062  -168550034   -76588534
[24]   -49743800   -21378128    15893898    26706716   136449532   201042150
[30]   293190004   524766742   577605980   724026302   769249764   847318984
[36]   945363690   959067374  1134816328  1197908860  1272959940  1274341616
[42]  1308967562  1359231862  1381467068  1577107512  1785787268  1954141448
[48] -2146816231 -2115871237 -2066792525 -2024620367 -2021713029 -1871388935
[54] -1769232389 -1730783241 -1686737647 -1619536277 -1560258973 -1559083793
[60] -1345952965 -1314186067 -1294519673 -1100177823  -975770209  -944252589
[66]  -720030237  -650282575  -596200819  -539597331  -489626765  -416443243
[72]  -410538673  -368761981  -352793901  -300282123  -221382389  -211259819
[78]  -192801281    32295007   143134529   229493685   264481123   282378535
[84]   283087301   588744199   753296105   757306125   918144883  1098731433
[90]  1125694743  1322237289  1486432429  1552024437  1718276517  1970849865
